<?xml version="1.0" encoding="UTF-8"?>
<!-- Generated by org.testng.reporters.JUnitReportReporter -->
<testsuite skipped="0" hostname="XIPL9485" name="com.crm.qa.testcases.Challenge2.LandingPageTest" tests="1" failures="0" timestamp="20 Jun 2020 13:47:08 GMT" time="121.517" errors="0">
  <testcase name="landingPageTest" time="121.517" classname="com.crm.qa.testcases.Challenge2.LandingPageTest"/>
</testsuite> <!-- com.crm.qa.testcases.Challenge2.LandingPageTest -->
