<?xml version="1.0" encoding="UTF-8"?>
<!-- Generated by org.testng.reporters.JUnitReportReporter -->
<testsuite skipped="0" hostname="XIPL9485" name="com.crm.qa.testcases.LoginPageTest" tests="1" failures="0" timestamp="20 Jun 2020 10:00:26 GMT" time="20.401" errors="0">
  <testcase name="loginPageTitleTest" time="20.401" classname="com.crm.qa.testcases.LoginPageTest"/>
</testsuite> <!-- com.crm.qa.testcases.LoginPageTest -->
